[2016-01-04 00:01:03] INFO  WEBrick 1.3.1
[2016-01-04 00:01:03] INFO  ruby 2.2.1 (2015-02-26) [x86_64-darwin14]
== Sinatra (v1.4.6) has taken the stage on 4567 for development with backup from WEBrick
[2016-01-04 00:01:03] INFO  WEBrick::HTTPServer#start: pid=46152 port=4567
WARN: tilt autoloading 'tilt/erb' in a non thread-safe way; explicit require 'tilt/erb' suggested.
::1 - - [04/Jan/2016:00:01:16 -0500] "GET /mpw HTTP/1.1" 200 12557 0.0359
localhost - - [04/Jan/2016:00:01:16 EST] "GET /mpw HTTP/1.1" 200 12557
http://localhost:4567/edmond -> /mpw
::1 - - [04/Jan/2016:00:01:16 -0500] "GET /js/jquery.min.js HTTP/1.1" 304 - 0.0011
localhost - - [04/Jan/2016:00:01:16 EST] "GET /js/jquery.min.js HTTP/1.1" 304 0
http://localhost:4567/mpw -> /js/jquery.min.js
::1 - - [04/Jan/2016:00:01:16 -0500] "GET /css/bootstrap.css HTTP/1.1" 304 - 0.0011
localhost - - [04/Jan/2016:00:01:16 EST] "GET /css/bootstrap.css HTTP/1.1" 304 0
http://localhost:4567/mpw -> /css/bootstrap.css
::1 - - [04/Jan/2016:00:01:16 -0500] "GET /js/bootstrap.js HTTP/1.1" 304 - 0.0005
localhost - - [04/Jan/2016:00:01:16 EST] "GET /js/bootstrap.js HTTP/1.1" 304 0
http://localhost:4567/mpw -> /js/bootstrap.js
::1 - - [04/Jan/2016:00:01:16 -0500] "GET /css/select2.css HTTP/1.1" 304 - 0.0004
localhost - - [04/Jan/2016:00:01:16 EST] "GET /css/select2.css HTTP/1.1" 304 0
http://localhost:4567/mpw -> /css/select2.css
::1 - - [04/Jan/2016:00:01:16 -0500] "GET /js/select2.js HTTP/1.1" 304 - 0.0004
localhost - - [04/Jan/2016:00:01:16 EST] "GET /js/select2.js HTTP/1.1" 304 0
http://localhost:4567/mpw -> /js/select2.js
::1 - - [04/Jan/2016:00:01:16 -0500] "GET /css/style.css HTTP/1.1" 304 - 0.0006
localhost - - [04/Jan/2016:00:01:16 EST] "GET /css/style.css HTTP/1.1" 304 0
::1 - - [04/Jan/2016:00:01:16 -0500] "GET /js/module.js HTTP/1.1" 304 - 0.0004
http://localhost:4567/mpw -> /css/style.css
localhost - - [04/Jan/2016:00:01:16 EST] "GET /js/module.js HTTP/1.1" 304 0
http://localhost:4567/mpw -> /js/module.js
::1 - - [04/Jan/2016:00:01:16 -0500] "GET /js/store.js HTTP/1.1" 304 - 0.0004
localhost - - [04/Jan/2016:00:01:16 EST] "GET /js/store.js HTTP/1.1" 304 0
http://localhost:4567/mpw -> /js/store.js
::1 - - [04/Jan/2016:00:01:16 -0500] "GET /js/visual.js HTTP/1.1" 304 - 0.0004
::1 - - [04/Jan/2016:00:01:16 -0500] "GET /js/main.js HTTP/1.1" 304 - 0.0006
localhost - - [04/Jan/2016:00:01:16 EST] "GET /js/visual.js HTTP/1.1" 304 0
localhost - - [04/Jan/2016:00:01:16 EST] "GET /js/main.js HTTP/1.1" 304 0
http://localhost:4567/mpw -> /js/main.js
http://localhost:4567/mpw -> /js/visual.js
::1 - - [04/Jan/2016:00:01:16 -0500] "GET /js/gatherer_helper.js HTTP/1.1" 304 - 0.0005
::1 - - [04/Jan/2016:00:01:16 -0500] "GET /js/view.js HTTP/1.1" 304 - 0.0004
::1 - - [04/Jan/2016:00:01:16 -0500] "GET /js/autocard.js HTTP/1.1" 304 - 0.0004
localhost - - [04/Jan/2016:00:01:16 EST] "GET /js/gatherer_helper.js HTTP/1.1" 304 0
::1 - - [04/Jan/2016:00:01:16 -0500] "GET /js/binder.js HTTP/1.1" 304 - 0.0005
http://localhost:4567/mpw -> /js/gatherer_helper.js
localhost - - [04/Jan/2016:00:01:16 EST] "GET /js/view.js HTTP/1.1" 304 0
http://localhost:4567/mpw -> /js/view.js
localhost - - [04/Jan/2016:00:01:16 EST] "GET /js/autocard.js HTTP/1.1" 304 0
http://localhost:4567/mpw -> /js/autocard.js
localhost - - [04/Jan/2016:00:01:16 EST] "GET /js/binder.js HTTP/1.1" 304 0
http://localhost:4567/mpw -> /js/binder.js
::1 - - [04/Jan/2016:00:01:17 -0500] "GET /json/lookup.json HTTP/1.1" 304 - 0.0028
localhost - - [04/Jan/2016:00:01:17 EST] "GET /json/lookup.json HTTP/1.1" 304 0
http://localhost:4567/mpw -> /json/lookup.json
::1 - - [04/Jan/2016:00:01:18 -0500] "GET /css/select2.png HTTP/1.1" 304 - 0.0004
localhost - - [04/Jan/2016:00:01:18 EST] "GET /css/select2.png HTTP/1.1" 304 0
http://localhost:4567/css/select2.css -> /css/select2.png
== Sinatra has ended his set (crowd applauds)
[2016-01-04 00:01:28] INFO  going to shutdown ...
[2016-01-04 00:01:28] INFO  WEBrick::HTTPServer#start done.
